2025-02-20 15:38:31,039 INFO o.a.j.u.JMeterUtils: Setting Locale to en_EN
2025-02-20 15:38:31,056 INFO o.a.j.JMeter: Loading user properties from: /opt/apache-jmeter-5.6.3/bin/user.properties
2025-02-20 15:38:31,056 INFO o.a.j.JMeter: Loading system properties from: /opt/apache-jmeter-5.6.3/bin/system.properties
2025-02-20 15:38:31,061 INFO o.a.j.JMeter: Copyright (c) 1998-2024 The Apache Software Foundation
2025-02-20 15:38:31,061 INFO o.a.j.JMeter: Version 5.6.3
2025-02-20 15:38:31,061 INFO o.a.j.JMeter: java.version=21.0.6
2025-02-20 15:38:31,061 INFO o.a.j.JMeter: java.vm.name=OpenJDK 64-Bit Server VM
2025-02-20 15:38:31,061 INFO o.a.j.JMeter: os.name=Linux
2025-02-20 15:38:31,062 INFO o.a.j.JMeter: os.arch=amd64
2025-02-20 15:38:31,062 INFO o.a.j.JMeter: os.version=6.8.0-52-generic
2025-02-20 15:38:31,062 INFO o.a.j.JMeter: file.encoding=UTF-8
2025-02-20 15:38:31,062 INFO o.a.j.JMeter: java.awt.headless=true
2025-02-20 15:38:31,062 INFO o.a.j.JMeter: Max memory     =1073741824
2025-02-20 15:38:31,062 INFO o.a.j.JMeter: Available Processors =8
2025-02-20 15:38:31,071 INFO o.a.j.JMeter: Default Locale=English (EN)
2025-02-20 15:38:31,072 INFO o.a.j.JMeter: JMeter  Locale=English (EN)
2025-02-20 15:38:31,072 INFO o.a.j.JMeter: JMeterHome=/opt/apache-jmeter-5.6.3
2025-02-20 15:38:31,072 INFO o.a.j.JMeter: user.dir  =/home/vthieu/SENG468_Project
2025-02-20 15:38:31,072 INFO o.a.j.JMeter: PWD       =/home/vthieu/SENG468_Project
2025-02-20 15:38:31,074 INFO o.a.j.JMeter: IP: 192.168.169.90 Name: seng468-group9 FullName: seng468-group9.rcs.uvic.ca
2025-02-20 15:38:31,087 INFO o.a.j.JMeter: Setting property 'jmeter.reportgenerator.outputdir' to:'/home/vthieu/SENG468_Project/./results'
2025-02-20 15:38:31,090 INFO o.a.j.s.FileServer: Default base='/home/vthieu/SENG468_Project'
2025-02-20 15:38:31,091 INFO o.a.j.s.FileServer: Set new base='/home/vthieu/SENG468_Project/.'
2025-02-20 15:38:31,274 INFO o.a.j.s.SaveService: Testplan (JMX) version: 2.2. Testlog (JTL) version: 2.2
2025-02-20 15:38:31,304 INFO o.a.j.s.SaveService: Using SaveService properties version 5.0
2025-02-20 15:38:31,308 INFO o.a.j.s.SaveService: Using SaveService properties file encoding UTF-8
2025-02-20 15:38:31,312 INFO o.a.j.s.SaveService: Loading file: ./Sample_test_script2.jmx
2025-02-20 15:38:31,373 INFO o.a.j.p.h.s.HTTPSamplerBase: Parser for text/html is org.apache.jmeter.protocol.http.parser.LagartoBasedHtmlParser
2025-02-20 15:38:31,373 INFO o.a.j.p.h.s.HTTPSamplerBase: Parser for application/xhtml+xml is org.apache.jmeter.protocol.http.parser.LagartoBasedHtmlParser
2025-02-20 15:38:31,373 INFO o.a.j.p.h.s.HTTPSamplerBase: Parser for application/xml is org.apache.jmeter.protocol.http.parser.LagartoBasedHtmlParser
2025-02-20 15:38:31,373 INFO o.a.j.p.h.s.HTTPSamplerBase: Parser for text/xml is org.apache.jmeter.protocol.http.parser.LagartoBasedHtmlParser
2025-02-20 15:38:31,373 INFO o.a.j.p.h.s.HTTPSamplerBase: Parser for text/vnd.wap.wml is org.apache.jmeter.protocol.http.parser.RegexpHTMLParser
2025-02-20 15:38:31,373 INFO o.a.j.p.h.s.HTTPSamplerBase: Parser for text/css is org.apache.jmeter.protocol.http.parser.CssParser
2025-02-20 15:38:31,440 INFO o.a.j.JMeter: Creating summariser <summary>
2025-02-20 15:38:31,444 INFO o.a.j.r.d.ReportGenerator: ReportGenerator will use for Parsing the separator: ','
2025-02-20 15:38:31,444 INFO o.a.j.r.d.ReportGenerator: Will generate report at end of test from  results file: results.log
2025-02-20 15:38:31,444 INFO o.a.j.r.d.ReportGenerator: Reading report generator properties from: /opt/apache-jmeter-5.6.3/bin/reportgenerator.properties
2025-02-20 15:38:31,445 INFO o.a.j.r.d.ReportGenerator: Merging with JMeter properties
2025-02-20 15:38:31,448 INFO o.a.j.r.c.ReportGeneratorConfiguration: Property 'jmeter.reportgenerator.temp_dir' not found, using default value 'temp' instead.
2025-02-20 15:38:31,450 INFO o.a.j.r.c.ReportGeneratorConfiguration: Property 'jmeter.reportgenerator.apdex_per_transaction' not found, using default value 'null' instead.
2025-02-20 15:38:31,451 INFO o.a.j.r.c.ReportGeneratorConfiguration: apdex_per_transaction is empty, not APDEX per transaction customization
2025-02-20 15:38:31,451 INFO o.a.j.r.c.ReportGeneratorConfiguration: Property 'jmeter.reportgenerator.sample_filter' not found, using default value 'null' instead.
2025-02-20 15:38:31,451 INFO o.a.j.r.c.ReportGeneratorConfiguration: Property 'jmeter.reportgenerator.report_title' not found, using default value 'null' instead.
2025-02-20 15:38:31,451 INFO o.a.j.r.c.ReportGeneratorConfiguration: Property 'jmeter.reportgenerator.start_date' not found, using default value 'null' instead.
2025-02-20 15:38:31,451 INFO o.a.j.r.c.ReportGeneratorConfiguration: Property 'jmeter.reportgenerator.end_date' not found, using default value 'null' instead.
2025-02-20 15:38:31,451 INFO o.a.j.r.c.ReportGeneratorConfiguration: Property 'jmeter.reportgenerator.date_format' not found, using default value 'null' instead.
2025-02-20 15:38:31,451 INFO o.a.j.r.c.ReportGeneratorConfiguration: Will use date range start date: null, end date: null
2025-02-20 15:38:31,455 INFO o.a.j.r.c.ReportGeneratorConfiguration: Property 'jmeter.reportgenerator.graph.totalTPS.exclude_controllers' not found, using default value 'false' instead.
2025-02-20 15:38:31,455 INFO o.a.j.r.c.ReportGeneratorConfiguration: Property 'jmeter.reportgenerator.graph.activeThreadsOverTime.exclude_controllers' not found, using default value 'false' instead.
2025-02-20 15:38:31,455 INFO o.a.j.r.c.ReportGeneratorConfiguration: Property 'jmeter.reportgenerator.graph.timeVsThreads.exclude_controllers' not found, using default value 'false' instead.
2025-02-20 15:38:31,455 INFO o.a.j.r.c.ReportGeneratorConfiguration: Property 'jmeter.reportgenerator.graph.responseTimeDistribution.exclude_controllers' not found, using default value 'false' instead.
2025-02-20 15:38:31,455 INFO o.a.j.r.c.ReportGeneratorConfiguration: Property 'jmeter.reportgenerator.graph.transactionsPerSecond.exclude_controllers' not found, using default value 'false' instead.
2025-02-20 15:38:31,455 INFO o.a.j.r.c.ReportGeneratorConfiguration: Property 'jmeter.reportgenerator.graph.responseTimePercentiles.exclude_controllers' not found, using default value 'false' instead.
2025-02-20 15:38:31,455 INFO o.a.j.r.c.ReportGeneratorConfiguration: Property 'jmeter.reportgenerator.graph.responseTimePercentilesOverTime.exclude_controllers' not found, using default value 'false' instead.
2025-02-20 15:38:31,455 INFO o.a.j.r.c.ReportGeneratorConfiguration: Property 'jmeter.reportgenerator.graph.responseTimesOverTime.exclude_controllers' not found, using default value 'false' instead.
2025-02-20 15:38:31,456 INFO o.a.j.r.c.ReportGeneratorConfiguration: Property 'jmeter.reportgenerator.graph.connectTimeOverTime.exclude_controllers' not found, using default value 'false' instead.
2025-02-20 15:38:31,456 INFO o.a.j.r.c.ReportGeneratorConfiguration: Property 'jmeter.reportgenerator.graph.latenciesOverTime.exclude_controllers' not found, using default value 'false' instead.
2025-02-20 15:38:31,456 INFO o.a.j.r.c.ReportGeneratorConfiguration: Property 'jmeter.reportgenerator.exporter.json.filters_only_sample_series' not found, using default value 'true' instead.
2025-02-20 15:38:31,457 INFO o.a.j.r.c.ReportGeneratorConfiguration: Property 'jmeter.reportgenerator.exporter.json.series_filter' not found, using default value '' instead.
2025-02-20 15:38:31,457 INFO o.a.j.r.c.ReportGeneratorConfiguration: Property 'jmeter.reportgenerator.exporter.json.show_controllers_only' not found, using default value 'false' instead.
2025-02-20 15:38:31,457 INFO o.a.j.r.c.ReportGeneratorConfiguration: Property 'jmeter.reportgenerator.exporter.html.filters_only_sample_series' not found, using default value 'true' instead.
2025-02-20 15:38:31,457 INFO o.a.j.r.c.ReportGeneratorConfiguration: Property 'jmeter.reportgenerator.exporter.html.series_filter' not found, using default value '' instead.
2025-02-20 15:38:31,457 INFO o.a.j.r.c.ReportGeneratorConfiguration: Property 'jmeter.reportgenerator.exporter.html.show_controllers_only' not found, using default value 'false' instead.
2025-02-20 15:38:31,470 INFO o.a.j.e.StandardJMeterEngine: Running the test!
2025-02-20 15:38:31,473 INFO o.a.j.s.SampleEvent: List of sample_variables: []
2025-02-20 15:38:31,473 INFO o.a.j.s.SampleEvent: List of sample_variables: []
2025-02-20 15:38:31,482 INFO o.a.j.e.u.CompoundVariable: Note: Function class names must contain the string: '.functions.'
2025-02-20 15:38:31,482 INFO o.a.j.e.u.CompoundVariable: Note: Function class names must not contain the string: '.gui.'
2025-02-20 15:38:31,567 INFO o.a.j.JMeter: Running test (1740094711567)
2025-02-20 15:38:31,601 INFO o.a.j.e.StandardJMeterEngine: Starting ThreadGroup: 1 : User 1 Thread
2025-02-20 15:38:31,602 INFO o.a.j.e.StandardJMeterEngine: Starting 1 threads for group User 1 Thread.
2025-02-20 15:38:31,602 INFO o.a.j.e.StandardJMeterEngine: Thread will continue on error
2025-02-20 15:38:31,602 INFO o.a.j.t.ThreadGroup: Starting thread group... number=1 threads=1 ramp-up=1 delayedStart=false
2025-02-20 15:38:31,614 INFO o.a.j.t.ThreadGroup: Started thread group number 1
2025-02-20 15:38:31,614 INFO o.a.j.e.StandardJMeterEngine: All thread groups have been started
2025-02-20 15:38:31,620 INFO o.a.j.t.JMeterThread: Thread started: User 1 Thread 1-1
2025-02-20 15:38:31,640 INFO o.a.j.p.h.s.HTTPHCAbstractImpl: Local host = seng468-group9
2025-02-20 15:38:31,647 INFO o.a.j.p.h.s.HTTPHC4Impl: HTTP request retry count = 0
2025-02-20 15:38:31,648 INFO o.a.j.s.SampleResult: Note: Sample TimeStamps are START times
2025-02-20 15:38:31,648 INFO o.a.j.s.SampleResult: sampleresult.default.encoding is set to UTF-8
2025-02-20 15:38:31,648 INFO o.a.j.s.SampleResult: sampleresult.useNanoTime=true
2025-02-20 15:38:31,648 INFO o.a.j.s.SampleResult: sampleresult.nanoThreadSleep=5000
2025-02-20 15:38:31,881 INFO o.a.j.r.Summariser: summary +      1 in 00:00:00 =    3.2/s Avg:   129 Min:   129 Max:   129 Err:     0 (0.00%) Active: 1 Started: 1 Finished: 0
2025-02-20 15:38:46,273 INFO o.a.j.t.JMeterThread: Thread is done: User 1 Thread 1-1
2025-02-20 15:38:46,273 INFO o.a.j.t.JMeterThread: Thread finished: User 1 Thread 1-1
2025-02-20 15:38:46,278 INFO o.a.j.e.StandardJMeterEngine: Notifying test listeners of end of test
2025-02-20 15:38:46,280 INFO o.a.j.r.Summariser: summary +     28 in 00:00:14 =    1.9/s Avg:    45 Min:     1 Max:   245 Err:     0 (0.00%) Active: 0 Started: 1 Finished: 1
2025-02-20 15:38:46,281 INFO o.a.j.r.Summariser: summary =     29 in 00:00:15 =    2.0/s Avg:    48 Min:     1 Max:   245 Err:     0 (0.00%)
2025-02-20 15:38:46,282 INFO o.a.j.JMeter: Generating Dashboard
2025-02-20 15:38:46,283 INFO o.a.j.r.d.ReportGenerator: Flushing result collector before report Generation
2025-02-20 15:38:46,302 INFO o.a.j.r.p.NormalizerSampleConsumer: Using format, 'ms', to parse timeStamp field
2025-02-20 15:38:46,371 INFO o.a.j.r.p.AbstractSampleConsumer: class org.apache.jmeter.report.processor.AggregateConsumer#stopProducing(): beginDate produced 0 samples
2025-02-20 15:38:46,371 INFO o.a.j.r.p.AbstractSampleConsumer: class org.apache.jmeter.report.processor.AggregateConsumer#stopProducing(): endDate produced 0 samples
2025-02-20 15:38:46,373 INFO o.a.j.r.p.AbstractSampleConsumer: class org.apache.jmeter.report.processor.ApdexSummaryConsumer#stopProducing(): apdexSummary produced 0 samples
2025-02-20 15:38:46,373 INFO o.a.j.r.p.AbstractSampleConsumer: class org.apache.jmeter.report.processor.RequestsSummaryConsumer#stopProducing(): requestsSummary produced 0 samples
2025-02-20 15:38:46,377 INFO o.a.j.r.p.AbstractSampleConsumer: class org.apache.jmeter.report.processor.StatisticsSummaryConsumer#stopProducing(): statisticsSummary produced 0 samples
2025-02-20 15:38:46,379 INFO o.a.j.r.p.AbstractSampleConsumer: class org.apache.jmeter.report.processor.Top5ErrorsBySamplerConsumer#stopProducing(): top5ErrorsBySampler produced 0 samples
2025-02-20 15:38:46,379 INFO o.a.j.r.p.AbstractSampleConsumer: class org.apache.jmeter.report.processor.ErrorsSummaryConsumer#stopProducing(): errorsSummary produced 0 samples
2025-02-20 15:38:46,379 INFO o.a.j.r.p.AbstractSampleConsumer: class org.apache.jmeter.report.processor.graph.impl.HitsPerSecondGraphConsumer#stopProducing(): hitsPerSecond produced 0 samples
2025-02-20 15:38:46,393 INFO o.a.j.r.p.AbstractSampleConsumer: class org.apache.jmeter.report.processor.graph.impl.LatencyVSRequestGraphConsumer#stopProducing(): latencyVsRequest produced 0 samples
2025-02-20 15:38:46,393 INFO o.a.j.r.p.AbstractSampleConsumer: class org.apache.jmeter.report.processor.graph.impl.SyntheticResponseTimeDistributionGraphConsumer#stopProducing(): syntheticResponseTimeDistribution produced 0 samples
2025-02-20 15:38:46,394 INFO o.a.j.r.p.AbstractSampleConsumer: class org.apache.jmeter.report.processor.graph.impl.BytesThroughputGraphConsumer#stopProducing(): bytesThroughputOverTime produced 0 samples
2025-02-20 15:38:46,394 INFO o.a.j.r.p.AbstractSampleConsumer: class org.apache.jmeter.report.processor.graph.impl.CodesPerSecondGraphConsumer#stopProducing(): codesPerSecond produced 0 samples
2025-02-20 15:38:46,399 INFO o.a.j.r.p.AbstractSampleConsumer: class org.apache.jmeter.report.processor.graph.impl.ResponseTimeVSRequestGraphConsumer#stopProducing(): responseTimeVsRequest produced 0 samples
2025-02-20 15:38:46,399 INFO o.a.j.r.p.AbstractSampleConsumer: class org.apache.jmeter.report.processor.FilterConsumer#stopProducing(): startIntervalControlerFilter produced 203 samples
2025-02-20 15:38:46,399 INFO o.a.j.r.p.AbstractSampleConsumer: class org.apache.jmeter.report.processor.graph.impl.TotalTPSGraphConsumer#stopProducing(): totalTPS produced 0 samples
2025-02-20 15:38:46,399 INFO o.a.j.r.p.AbstractSampleConsumer: class org.apache.jmeter.report.processor.graph.impl.ActiveThreadsGraphConsumer#stopProducing(): activeThreadsOverTime produced 0 samples
2025-02-20 15:38:46,399 INFO o.a.j.r.p.AbstractSampleConsumer: class org.apache.jmeter.report.processor.graph.impl.TimeVSThreadGraphConsumer#stopProducing(): timeVsThreads produced 0 samples
2025-02-20 15:38:46,400 INFO o.a.j.r.p.AbstractSampleConsumer: class org.apache.jmeter.report.processor.graph.impl.ResponseTimeDistributionGraphConsumer#stopProducing(): responseTimeDistribution produced 0 samples
2025-02-20 15:38:46,400 INFO o.a.j.r.p.AbstractSampleConsumer: class org.apache.jmeter.report.processor.graph.impl.TransactionsPerSecondGraphConsumer#stopProducing(): transactionsPerSecond produced 0 samples
2025-02-20 15:38:46,401 INFO o.a.j.r.p.AbstractSampleConsumer: class org.apache.jmeter.report.processor.graph.impl.ResponseTimePercentilesGraphConsumer#stopProducing(): responseTimePercentiles produced 0 samples
2025-02-20 15:38:46,408 INFO o.a.j.r.p.AbstractSampleConsumer: class org.apache.jmeter.report.processor.graph.impl.ResponseTimePercentilesOverTimeGraphConsumer#stopProducing(): responseTimePercentilesOverTime produced 0 samples
2025-02-20 15:38:46,408 INFO o.a.j.r.p.AbstractSampleConsumer: class org.apache.jmeter.report.processor.graph.impl.ResponseTimeOverTimeGraphConsumer#stopProducing(): responseTimesOverTime produced 0 samples
2025-02-20 15:38:46,409 INFO o.a.j.r.p.AbstractSampleConsumer: class org.apache.jmeter.report.processor.graph.impl.ConnectTimeOverTimeGraphConsumer#stopProducing(): connectTimeOverTime produced 0 samples
2025-02-20 15:38:46,409 INFO o.a.j.r.p.AbstractSampleConsumer: class org.apache.jmeter.report.processor.graph.impl.LatencyOverTimeGraphConsumer#stopProducing(): latenciesOverTime produced 0 samples
2025-02-20 15:38:46,409 INFO o.a.j.r.p.AbstractSampleConsumer: class org.apache.jmeter.report.processor.FilterConsumer#stopProducing(): nameFilter produced 435 samples
2025-02-20 15:38:46,409 INFO o.a.j.r.p.AbstractSampleConsumer: class org.apache.jmeter.report.processor.FilterConsumer#stopProducing(): dateRangeFilter produced 87 samples
2025-02-20 15:38:46,409 INFO o.a.j.r.p.AbstractSampleConsumer: class org.apache.jmeter.report.processor.NormalizerSampleConsumer#stopProducing(): normalizer produced 29 samples
2025-02-20 15:38:46,410 INFO o.a.j.r.p.CsvFileSampleSource: produce(): 29 samples produced in 79ms on channel 0
2025-02-20 15:38:46,410 INFO o.a.j.r.d.ReportGenerator: Exporting data using exporter:'json' of className:'org.apache.jmeter.report.dashboard.JsonExporter'
2025-02-20 15:38:46,494 INFO o.a.j.r.d.JsonExporter: Found data for consumer statisticsSummary in context
2025-02-20 15:38:46,494 INFO o.a.j.r.d.JsonExporter: Creating statistics for overall
2025-02-20 15:38:46,494 INFO o.a.j.r.d.JsonExporter: Creating statistics for other transactions
2025-02-20 15:38:46,495 INFO o.a.j.r.d.JsonExporter: Checking output folder
2025-02-20 15:38:46,495 INFO o.a.j.r.d.JsonExporter: Writing statistics JSON to /home/vthieu/SENG468_Project/./results/statistics.json
2025-02-20 15:38:46,542 INFO o.a.j.r.d.ReportGenerator: Exporting data using exporter:'html' of className:'org.apache.jmeter.report.dashboard.HtmlTemplateExporter'
2025-02-20 15:38:46,545 INFO o.a.j.r.d.HtmlTemplateExporter: Will generate dashboard in folder: /home/vthieu/SENG468_Project/./results
2025-02-20 15:38:46,716 INFO o.a.j.r.d.HtmlTemplateExporter: Report will be generated in: /home/vthieu/SENG468_Project/./results, creating folder structure
2025-02-20 15:38:46,719 INFO o.a.j.r.d.TemplateVisitor: Copying folder from '/opt/apache-jmeter-5.6.3/bin/report-template' to '/home/vthieu/SENG468_Project/./results', got message: /home/vthieu/SENG468_Project/./results, found non empty folder with following content [/home/vthieu/SENG468_Project/./results/statistics.json], will be ignored
2025-02-20 15:38:46,908 INFO o.a.j.JMeter: Dashboard generated
